<?xml version="1.0" encoding="UTF-8"?>
<testng-results ignored="0" total="1" passed="1" failed="0" skipped="0">
  <reporter-output>
  </reporter-output>
  <suite started-at="2025-09-14T19:41:42 IST" name="Default suite" finished-at="2025-09-14T19:41:50 IST" duration-ms="8050">
    <groups>
    </groups>
    <test started-at="2025-09-14T19:41:42 IST" name="Default test" finished-at="2025-09-14T19:41:50 IST" duration-ms="8050">
      <class name="SubmitOrder.SubmitOrder">
        <test-method is-config="true" signature="launchApplication()[pri:0, instance:SubmitOrder.SubmitOrder@9d5509a]" started-at="2025-09-14T19:41:42 IST" name="launchApplication" finished-at="2025-09-14T19:41:45 IST" duration-ms="3785" status="PASS">
          <reporter-output>
          </reporter-output>
        </test-method> <!-- launchApplication -->
        <test-method signature="submitOrder()[pri:0, instance:SubmitOrder.SubmitOrder@9d5509a]" started-at="2025-09-14T19:41:45 IST" name="submitOrder" finished-at="2025-09-14T19:41:49 IST" duration-ms="4087" status="PASS">
          <reporter-output>
          </reporter-output>
        </test-method> <!-- submitOrder -->
        <test-method is-config="true" signature="tearDown()[pri:0, instance:SubmitOrder.SubmitOrder@9d5509a]" started-at="2025-09-14T19:41:49 IST" name="tearDown" finished-at="2025-09-14T19:41:50 IST" duration-ms="120" status="PASS">
          <reporter-output>
          </reporter-output>
        </test-method> <!-- tearDown -->
      </class> <!-- SubmitOrder.SubmitOrder -->
    </test> <!-- Default test -->
  </suite> <!-- Default suite -->
</testng-results>
