<?xml version="1.0" encoding="UTF-8"?>
<testng-results ignored="0" total="2" passed="2" failed="0" skipped="0">
  <reporter-output>
  </reporter-output>
  <suite started-at="2022-02-01T15:52:58 EST" name="Suite" finished-at="2022-02-01T15:53:08 EST" duration-ms="9691">
    <groups>
    </groups>
    <test started-at="2022-02-01T15:52:58 EST" name="Test" finished-at="2022-02-01T15:53:08 EST" duration-ms="9691">
      <class name="GoogleTest">
        <test-method signature="HomePageCheck()[pri:0, instance:GoogleTest@3098cf3b]" started-at="2022-02-01T15:52:59 EST" name="HomePageCheck" finished-at="2022-02-01T15:53:04 EST" duration-ms="5344" status="PASS">
          <reporter-output>
          </reporter-output>
        </test-method> <!-- HomePageCheck -->
      </class> <!-- GoogleTest -->
      <class name="RSATest">
        <test-method signature="HomePageCheck()[pri:0, instance:RSATest@58ea606c]" started-at="2022-02-01T15:52:59 EST" name="HomePageCheck" finished-at="2022-02-01T15:53:08 EST" duration-ms="9636" status="PASS">
          <reporter-output>
          </reporter-output>
        </test-method> <!-- HomePageCheck -->
      </class> <!-- RSATest -->
    </test> <!-- Test -->
  </suite> <!-- Suite -->
</testng-results>
